TN:
SF:src\db\db.utill.ts
FN:3,getProduct
FNF:1
FNH:1
FNDA:2,getProduct
DA:1,1
DA:2,1
DA:3,1
LF:3
LH:3
BRDA:3,0,0,2
BRDA:3,1,0,7
BRF:2
BRH:2
end_of_record
TN:
SF:src\functions\getProductById\handler.ts
FN:9,getProductById
FNF:1
FNH:1
FNDA:2,getProductById
DA:1,1
DA:2,1
DA:3,1
DA:4,1
DA:5,1
DA:6,1
DA:7,1
DA:8,1
DA:9,1
DA:10,2
DA:11,2
DA:12,2
DA:13,2
DA:14,2
DA:15,2
DA:16,1
DA:17,1
DA:18,1
DA:19,1
DA:20,1
DA:21,1
DA:22,1
DA:23,1
DA:24,1
DA:25,1
DA:26,1
LF:26
LH:26
BRDA:9,0,0,2
BRDA:15,1,0,1
BRF:2
BRH:2
end_of_record
TN:
SF:src\functions\getProductsList\handler.ts
FN:8,getProductsList
FNF:1
FNH:1
FNDA:1,getProductsList
DA:1,1
DA:2,1
DA:3,1
DA:4,1
DA:5,1
DA:6,1
DA:7,1
DA:8,1
DA:9,1
DA:10,1
DA:11,1
DA:12,1
LF:12
LH:12
BRDA:8,0,0,1
BRF:1
BRH:1
end_of_record
TN:
SF:src\libs\apiGateway.ts
FN:12,formatJSONResponse
FNF:1
FNH:1
FNDA:3,formatJSONResponse
DA:1,1
DA:2,1
DA:3,1
DA:4,1
DA:5,1
DA:6,1
DA:7,1
DA:8,1
DA:9,1
DA:10,1
DA:11,1
DA:12,1
DA:13,3
DA:14,3
DA:15,2
DA:16,2
DA:17,2
DA:18,2
DA:19,2
DA:20,2
DA:21,1
DA:22,1
DA:23,1
DA:24,1
DA:25,1
DA:26,1
DA:27,1
DA:28,1
DA:29,3
DA:30,3
DA:31,3
LF:31
LH:31
BRDA:12,0,0,3
BRDA:14,1,0,2
BRDA:21,2,0,1
BRF:3
BRH:3
end_of_record
TN:
SF:src\libs\lambda.ts
FN:4,middyfy
FNF:1
FNH:1
FNDA:2,middyfy
DA:1,1
DA:2,1
DA:3,1
DA:4,1
DA:5,2
DA:6,2
LF:6
LH:6
BRDA:4,0,0,2
BRF:1
BRH:1
end_of_record
